c:\users\杨逸云\desktop\notepad ++  json view\jsonviewer2\x64\unicode realeas\vc140.pdb
c:\users\杨逸云\desktop\notepad ++  json view\jsonviewer2\x64\unicode realeas\json.obj
c:\users\杨逸云\desktop\notepad ++  json view\jsonviewer2\x64\unicode realeas\plugindefinition.obj
c:\users\杨逸云\desktop\notepad ++  json view\jsonviewer2\x64\unicode realeas\nppplugindemo.obj
c:\users\杨逸云\desktop\notepad ++  json view\jsonviewer2\x64\unicode realeas\nppplugintemplate.dll
c:\users\杨逸云\desktop\notepad ++  json view\jsonviewer2\x64\unicode realeas\nppplugintemplate.pdb
c:\users\杨逸云\desktop\notepad ++  json view\jsonviewer2\x64\unicode realeas\nppplugintemplate.lib
c:\users\杨逸云\desktop\notepad ++  json view\jsonviewer2\x64\unicode realeas\nppplugintemplate.exp
d:\documents\notepadpro\jsonviewer\jsonviewer2\x64\unicode realeas\resource.res
d:\documents\notepadpro\jsonviewer\jsonviewer2\x64\unicode realeas\hyperlinks.obj
d:\documents\notepadpro\jsonviewer\jsonviewer2\x64\unicode realeas\json.obj
d:\documents\notepadpro\jsonviewer\jsonviewer2\x64\unicode realeas\jsondialog.obj
d:\documents\notepadpro\jsonviewer\jsonviewer2\x64\unicode realeas\nppplugindemo.obj
d:\documents\notepadpro\jsonviewer\jsonviewer2\x64\unicode realeas\plugindefinition.obj
d:\documents\notepadpro\jsonviewer\jsonviewer2\x64\unicode realeas\staticdialog.obj
d:\documents\notepadpro\jsonviewer\jsonviewer2\x64\unicode realeas\nppplugintemplate.exp
d:\documents\notepadpro\jsonviewer\jsonviewer2\x64\unicode realeas\nppplugintemplate.pdb
d:\documents\notepadpro\jsonviewer\jsonviewer2\x64\unicode realeas\vc140.pdb
d:\documents\notepadpro\jsonviewer\jsonviewer2\x64\unicode realeas\vc141.pdb
d:\documents\notepadpro\jsonviewer\jsonviewer2\x64\unicode realeas\nppplugintemplate.dll
d:\documents\notepadpro\jsonviewer\jsonviewer2\x64\unicode realeas\nppplugi.1590d7cd.tlog\cl.command.1.tlog
d:\documents\notepadpro\jsonviewer\jsonviewer2\x64\unicode realeas\nppplugi.1590d7cd.tlog\cl.read.1.tlog
d:\documents\notepadpro\jsonviewer\jsonviewer2\x64\unicode realeas\nppplugi.1590d7cd.tlog\cl.write.1.tlog
d:\documents\notepadpro\jsonviewer\jsonviewer2\x64\unicode realeas\nppplugi.1590d7cd.tlog\link.command.1.tlog
d:\documents\notepadpro\jsonviewer\jsonviewer2\x64\unicode realeas\nppplugi.1590d7cd.tlog\link.read.1.tlog
d:\documents\notepadpro\jsonviewer\jsonviewer2\x64\unicode realeas\nppplugi.1590d7cd.tlog\link.write.1.tlog
d:\documents\notepadpro\jsonviewer\jsonviewer2\x64\unicode realeas\nppplugi.1590d7cd.tlog\nppplugintemplate.write.1u.tlog
d:\documents\notepadpro\jsonviewer\jsonviewer2\x64\unicode realeas\nppplugi.1590d7cd.tlog\rc.command.1.tlog
d:\documents\notepadpro\jsonviewer\jsonviewer2\x64\unicode realeas\nppplugi.1590d7cd.tlog\rc.read.1.tlog
d:\documents\notepadpro\jsonviewer\jsonviewer2\x64\unicode realeas\nppplugi.1590d7cd.tlog\rc.write.1.tlog
